<?xml version="1.0" encoding="UTF-8"?>
<coverage generated="1736794791">
  <project timestamp="1736794791">
    <file name="E:\MYPROJECTS\simple-projects\simple-collections\src\Accessor\PathAccessor.php">
      <class name="Temkaa\Collections\Accessor\PathAccessor" namespace="global">
        <metrics complexity="14" methods="2" coveredmethods="1" conditionals="0" coveredconditionals="0" statements="26" coveredstatements="25" elements="28" coveredelements="26"/>
      </class>
      <line num="28" type="method" name="get" visibility="public" complexity="2" crap="2" count="104"/>
      <line num="30" type="stmt" count="104"/>
      <line num="31" type="stmt" count="104"/>
      <line num="32" type="stmt" count="104"/>
      <line num="33" type="stmt" count="4"/>
      <line num="34" type="stmt" count="104"/>
      <line num="35" type="stmt" count="104"/>
      <line num="36" type="stmt" count="104"/>
      <line num="37" type="stmt" count="104"/>
      <line num="39" type="stmt" count="104"/>
      <line num="48" type="method" name="doGet" visibility="private" complexity="12" crap="12.03" count="104"/>
      <line num="50" type="stmt" count="104"/>
      <line num="51" type="stmt" count="98"/>
      <line num="54" type="stmt" count="104"/>
      <line num="56" type="stmt" count="104"/>
      <line num="57" type="stmt" count="69"/>
      <line num="59" type="stmt" count="69"/>
      <line num="60" type="stmt" count="69"/>
      <line num="61" type="stmt" count="4"/>
      <line num="64" type="stmt" count="65"/>
      <line num="66" type="stmt" count="65"/>
      <line num="69" type="stmt" count="49"/>
      <line num="70" type="stmt" count="0"/>
      <line num="74" type="stmt" count="49"/>
      <line num="76" type="stmt" count="47"/>
      <line num="78" type="stmt" count="47"/>
      <line num="79" type="stmt" count="2"/>
      <line num="80" type="stmt" count="2"/>
      <metrics loc="84" ncloc="72" classes="1" methods="2" coveredmethods="1" conditionals="0" coveredconditionals="0" statements="26" coveredstatements="25" elements="28" coveredelements="26"/>
    </file>
    <file name="E:\MYPROJECTS\simple-projects\simple-collections\src\ArrayCollection.php">
      <class name="Temkaa\Collections\ArrayCollection" namespace="global">
        <metrics complexity="50" methods="26" coveredmethods="21" conditionals="0" coveredconditionals="0" statements="101" coveredstatements="95" elements="127" coveredelements="116"/>
      </class>
      <line num="55" type="method" name="__construct" visibility="public" complexity="1" crap="1" count="215"/>
      <line num="57" type="stmt" count="215"/>
      <line num="58" type="stmt" count="215"/>
      <line num="67" type="method" name="addElement" visibility="public" complexity="2" crap="2" count="3"/>
      <line num="69" type="stmt" count="3"/>
      <line num="70" type="stmt" count="2"/>
      <line num="72" type="stmt" count="1"/>
      <line num="75" type="stmt" count="3"/>
      <line num="83" type="method" name="chunk" visibility="public" complexity="2" crap="2" count="5"/>
      <line num="85" type="stmt" count="5"/>
      <line num="87" type="stmt" count="5"/>
      <line num="88" type="stmt" count="5"/>
      <line num="89" type="stmt" count="5"/>
      <line num="92" type="stmt" count="5"/>
      <line num="98" type="method" name="count" visibility="public" complexity="1" crap="1" count="4"/>
      <line num="100" type="stmt" count="4"/>
      <line num="108" type="method" name="each" visibility="public" complexity="2" crap="2" count="1"/>
      <line num="110" type="stmt" count="1"/>
      <line num="111" type="stmt" count="1"/>
      <line num="114" type="stmt" count="1"/>
      <line num="117" type="method" name="empty" visibility="public" complexity="1" crap="1" count="2"/>
      <line num="119" type="stmt" count="2"/>
      <line num="125" type="method" name="filter" visibility="public" complexity="2" crap="2" count="120"/>
      <line num="127" type="stmt" count="120"/>
      <line num="129" type="stmt" count="120"/>
      <line num="131" type="stmt" count="114"/>
      <line num="137" type="method" name="firstElement" visibility="public" complexity="2" crap="2" count="2"/>
      <line num="139" type="stmt" count="2"/>
      <line num="141" type="stmt" count="2"/>
      <line num="147" type="method" name="firstKey" visibility="public" complexity="1" crap="2" count="0"/>
      <line num="149" type="stmt" count="0"/>
      <line num="155" type="method" name="getIterator" visibility="public" complexity="1" crap="2" count="0"/>
      <line num="157" type="stmt" count="0"/>
      <line num="163" type="method" name="hasElement" visibility="public" complexity="1" crap="1" count="14"/>
      <line num="165" type="stmt" count="14"/>
      <line num="171" type="method" name="hasKey" visibility="public" complexity="1" crap="1" count="7"/>
      <line num="173" type="stmt" count="7"/>
      <line num="179" type="method" name="lastElement" visibility="public" complexity="2" crap="2" count="3"/>
      <line num="181" type="stmt" count="3"/>
      <line num="183" type="stmt" count="3"/>
      <line num="189" type="method" name="lastKey" visibility="public" complexity="1" crap="1" count="3"/>
      <line num="191" type="stmt" count="3"/>
      <line num="201" type="method" name="map" visibility="public" complexity="2" crap="2" count="5"/>
      <line num="203" type="stmt" count="5"/>
      <line num="205" type="stmt" count="5"/>
      <line num="206" type="stmt" count="5"/>
      <line num="209" type="stmt" count="5"/>
      <line num="220" type="method" name="merge" visibility="public" complexity="2" crap="2" count="6"/>
      <line num="222" type="stmt" count="6"/>
      <line num="223" type="stmt" count="2"/>
      <line num="224" type="stmt" count="4"/>
      <line num="226" type="stmt" count="6"/>
      <line num="232" type="method" name="offsetExists" visibility="public" complexity="1" crap="1" count="8"/>
      <line num="234" type="stmt" count="8"/>
      <line num="240" type="method" name="offsetGet" visibility="public" complexity="1" crap="2" count="0"/>
      <line num="242" type="stmt" count="0"/>
      <line num="248" type="method" name="offsetSet" visibility="public" complexity="1" crap="2" count="0"/>
      <line num="250" type="stmt" count="0"/>
      <line num="256" type="method" name="offsetUnset" visibility="public" complexity="2" crap="2" count="5"/>
      <line num="258" type="stmt" count="5"/>
      <line num="259" type="stmt" count="5"/>
      <line num="268" type="method" name="removeElement" visibility="public" complexity="4" crap="4" count="8"/>
      <line num="270" type="stmt" count="8"/>
      <line num="271" type="stmt" count="3"/>
      <line num="274" type="stmt" count="5"/>
      <line num="276" type="stmt" count="5"/>
      <line num="278" type="stmt" count="5"/>
      <line num="279" type="stmt" count="5"/>
      <line num="280" type="stmt" count="5"/>
      <line num="282" type="stmt" count="5"/>
      <line num="283" type="stmt" count="3"/>
      <line num="287" type="stmt" count="5"/>
      <line num="295" type="method" name="removeKey" visibility="public" complexity="3" crap="3" count="8"/>
      <line num="297" type="stmt" count="8"/>
      <line num="298" type="stmt" count="3"/>
      <line num="301" type="stmt" count="5"/>
      <line num="303" type="stmt" count="5"/>
      <line num="305" type="stmt" count="5"/>
      <line num="306" type="stmt" count="3"/>
      <line num="309" type="stmt" count="5"/>
      <line num="315" type="method" name="slice" visibility="public" complexity="1" crap="1" count="7"/>
      <line num="317" type="stmt" count="7"/>
      <line num="319" type="stmt" count="7"/>
      <line num="325" type="method" name="sort" visibility="public" complexity="6" crap="6.02" count="18"/>
      <line num="327" type="stmt" count="18"/>
      <line num="329" type="stmt" count="18"/>
      <line num="331" type="stmt" count="18"/>
      <line num="338" type="stmt" count="6"/>
      <line num="339" type="stmt" count="6"/>
      <line num="341" type="stmt" count="6"/>
      <line num="342" type="stmt" count="0"/>
      <line num="345" type="stmt" count="6"/>
      <line num="346" type="stmt" count="6"/>
      <line num="347" type="stmt" count="6"/>
      <line num="348" type="stmt" count="6"/>
      <line num="349" type="stmt" count="6"/>
      <line num="357" type="stmt" count="12"/>
      <line num="358" type="stmt" count="12"/>
      <line num="359" type="stmt" count="12"/>
      <line num="360" type="stmt" count="12"/>
      <line num="362" type="stmt" count="12"/>
      <line num="364" type="stmt" count="12"/>
      <line num="365" type="stmt" count="4"/>
      <line num="369" type="stmt" count="12"/>
      <line num="370" type="stmt" count="12"/>
      <line num="374" type="stmt" count="0"/>
      <line num="375" type="stmt" count="12"/>
      <line num="378" type="stmt" count="18"/>
      <line num="380" type="stmt" count="18"/>
      <line num="386" type="method" name="toArray" visibility="public" complexity="1" crap="1" count="184"/>
      <line num="388" type="stmt" count="184"/>
      <line num="396" type="method" name="unique" visibility="public" complexity="6" crap="6" count="9"/>
      <line num="398" type="stmt" count="9"/>
      <line num="400" type="stmt" count="9"/>
      <line num="402" type="stmt" count="9"/>
      <line num="403" type="stmt" count="3"/>
      <line num="405" type="stmt" count="3"/>
      <line num="408" type="stmt" count="6"/>
      <line num="409" type="stmt" count="6"/>
      <line num="411" type="stmt" count="6"/>
      <line num="412" type="stmt" count="6"/>
      <line num="414" type="stmt" count="6"/>
      <line num="415" type="stmt" count="6"/>
      <line num="417" type="stmt" count="6"/>
      <line num="418" type="stmt" count="4"/>
      <line num="420" type="stmt" count="2"/>
      <line num="425" type="stmt" count="6"/>
      <metrics loc="428" ncloc="305" classes="1" methods="26" coveredmethods="21" conditionals="0" coveredconditionals="0" statements="101" coveredstatements="95" elements="127" coveredelements="116"/>
    </file>
    <file name="E:\MYPROJECTS\simple-projects\simple-collections\src\CollectionInterface.php">
      <metrics loc="137" ncloc="53" classes="0" methods="0" coveredmethods="0" conditionals="0" coveredconditionals="0" statements="0" coveredstatements="0" elements="0" coveredelements="0"/>
    </file>
    <file name="E:\MYPROJECTS\simple-projects\simple-collections\src\Enum\SortOrder.php">
      <metrics loc="15" ncloc="12" classes="0" methods="0" coveredmethods="0" conditionals="0" coveredconditionals="0" statements="0" coveredstatements="0" elements="0" coveredelements="0"/>
    </file>
    <file name="E:\MYPROJECTS\simple-projects\simple-collections\src\Exception\CollectionExceptionInterface.php">
      <metrics loc="13" ncloc="10" classes="0" methods="0" coveredmethods="0" conditionals="0" coveredconditionals="0" statements="0" coveredstatements="0" elements="0" coveredelements="0"/>
    </file>
    <file name="E:\MYPROJECTS\simple-projects\simple-collections\src\Exception\FieldNotFoundException.php">
      <class name="Temkaa\Collections\Exception\FieldNotFoundException" namespace="global">
        <metrics complexity="4" methods="2" coveredmethods="2" conditionals="0" coveredconditionals="0" statements="27" coveredstatements="27" elements="29" coveredelements="29"/>
      </class>
      <line num="24" type="method" name="key" visibility="public" complexity="2" crap="2" count="4"/>
      <line num="26" type="stmt" count="4"/>
      <line num="27" type="stmt" count="2"/>
      <line num="28" type="stmt" count="2"/>
      <line num="29" type="stmt" count="2"/>
      <line num="30" type="stmt" count="2"/>
      <line num="31" type="stmt" count="2"/>
      <line num="32" type="stmt" count="2"/>
      <line num="33" type="stmt" count="2"/>
      <line num="34" type="stmt" count="2"/>
      <line num="35" type="stmt" count="2"/>
      <line num="36" type="stmt" count="2"/>
      <line num="37" type="stmt" count="2"/>
      <line num="38" type="stmt" count="2"/>
      <line num="39" type="stmt" count="2"/>
      <line num="40" type="stmt" count="2"/>
      <line num="41" type="stmt" count="2"/>
      <line num="42" type="stmt" count="2"/>
      <line num="44" type="stmt" count="2"/>
      <line num="45" type="stmt" count="2"/>
      <line num="46" type="stmt" count="2"/>
      <line num="47" type="stmt" count="2"/>
      <line num="48" type="stmt" count="2"/>
      <line num="51" type="stmt" count="4"/>
      <line num="54" type="method" name="property" visibility="public" complexity="2" crap="2" count="2"/>
      <line num="56" type="stmt" count="2"/>
      <line num="57" type="stmt" count="2"/>
      <line num="58" type="stmt" count="1"/>
      <line num="61" type="stmt" count="2"/>
      <metrics loc="64" ncloc="58" classes="1" methods="2" coveredmethods="2" conditionals="0" coveredconditionals="0" statements="27" coveredstatements="27" elements="29" coveredelements="29"/>
    </file>
    <file name="E:\MYPROJECTS\simple-projects\simple-collections\src\Exception\UnreachablePathException.php">
      <class name="Temkaa\Collections\Exception\UnreachablePathException" namespace="global">
        <metrics complexity="2" methods="1" coveredmethods="0" conditionals="0" coveredconditionals="0" statements="7" coveredstatements="0" elements="8" coveredelements="0"/>
      </class>
      <line num="19" type="method" name="__construct" visibility="public" complexity="2" crap="6" count="0"/>
      <line num="21" type="stmt" count="0"/>
      <line num="22" type="stmt" count="0"/>
      <line num="23" type="stmt" count="0"/>
      <line num="24" type="stmt" count="0"/>
      <line num="25" type="stmt" count="0"/>
      <line num="26" type="stmt" count="0"/>
      <line num="27" type="stmt" count="0"/>
      <metrics loc="30" ncloc="27" classes="1" methods="1" coveredmethods="0" conditionals="0" coveredconditionals="0" statements="7" coveredstatements="0" elements="8" coveredelements="0"/>
    </file>
    <file name="E:\MYPROJECTS\simple-projects\simple-collections\src\Filter\All.php">
      <class name="Temkaa\Collections\Filter\All" namespace="global">
        <metrics complexity="1" methods="1" coveredmethods="1" conditionals="0" coveredconditionals="0" statements="1" coveredstatements="1" elements="2" coveredelements="2"/>
      </class>
      <line num="12" type="method" name="accept" visibility="public" complexity="1" crap="1" count="7"/>
      <line num="14" type="stmt" count="7"/>
      <metrics loc="17" ncloc="14" classes="1" methods="1" coveredmethods="1" conditionals="0" coveredconditionals="0" statements="1" coveredstatements="1" elements="2" coveredelements="2"/>
    </file>
    <file name="E:\MYPROJECTS\simple-projects\simple-collections\src\Filter\AndX.php">
      <class name="Temkaa\Collections\Filter\AndX" namespace="global">
        <metrics complexity="2" methods="2" coveredmethods="1" conditionals="0" coveredconditionals="0" statements="2" coveredstatements="1" elements="4" coveredelements="2"/>
      </class>
      <line num="15" type="method" name="__construct" visibility="public" complexity="1" crap="2" count="0"/>
      <line num="18" type="stmt" count="0"/>
      <line num="20" type="method" name="accept" visibility="public" complexity="1" crap="1" count="43"/>
      <line num="22" type="stmt" count="43"/>
      <metrics loc="25" ncloc="19" classes="1" methods="2" coveredmethods="1" conditionals="0" coveredconditionals="0" statements="2" coveredstatements="1" elements="4" coveredelements="2"/>
    </file>
    <file name="E:\MYPROJECTS\simple-projects\simple-collections\src\Filter\Equals.php">
      <class name="Temkaa\Collections\Filter\Equals" namespace="global">
        <metrics complexity="4" methods="4" coveredmethods="1" conditionals="0" coveredconditionals="0" statements="4" coveredstatements="1" elements="8" coveredelements="2"/>
      </class>
      <line num="17" type="method" name="path" visibility="public" complexity="1" crap="2" count="0"/>
      <line num="19" type="stmt" count="0"/>
      <line num="22" type="method" name="value" visibility="public" complexity="1" crap="2" count="0"/>
      <line num="24" type="stmt" count="0"/>
      <line num="27" type="method" name="accept" visibility="public" complexity="1" crap="1" count="78"/>
      <line num="29" type="stmt" count="78"/>
      <line num="32" type="method" name="__construct" visibility="private" complexity="1" crap="2" count="0"/>
      <line num="36" type="stmt" count="0"/>
      <metrics loc="38" ncloc="32" classes="1" methods="4" coveredmethods="1" conditionals="0" coveredconditionals="0" statements="4" coveredstatements="1" elements="8" coveredelements="2"/>
    </file>
    <file name="E:\MYPROJECTS\simple-projects\simple-collections\src\Filter\FilterInterface.php">
      <metrics loc="21" ncloc="11" classes="0" methods="0" coveredmethods="0" conditionals="0" coveredconditionals="0" statements="0" coveredstatements="0" elements="0" coveredelements="0"/>
    </file>
    <file name="E:\MYPROJECTS\simple-projects\simple-collections\src\Filter\FilterVisitorInterface.php">
      <metrics loc="54" ncloc="25" classes="0" methods="0" coveredmethods="0" conditionals="0" coveredconditionals="0" statements="0" coveredstatements="0" elements="0" coveredelements="0"/>
    </file>
    <file name="E:\MYPROJECTS\simple-projects\simple-collections\src\Filter\Greater.php">
      <class name="Temkaa\Collections\Filter\Greater" namespace="global">
        <metrics complexity="4" methods="4" coveredmethods="1" conditionals="0" coveredconditionals="0" statements="4" coveredstatements="1" elements="8" coveredelements="2"/>
      </class>
      <line num="17" type="method" name="path" visibility="public" complexity="1" crap="2" count="0"/>
      <line num="19" type="stmt" count="0"/>
      <line num="22" type="method" name="value" visibility="public" complexity="1" crap="2" count="0"/>
      <line num="24" type="stmt" count="0"/>
      <line num="27" type="method" name="accept" visibility="public" complexity="1" crap="1" count="29"/>
      <line num="29" type="stmt" count="29"/>
      <line num="32" type="method" name="__construct" visibility="private" complexity="1" crap="2" count="0"/>
      <line num="36" type="stmt" count="0"/>
      <metrics loc="38" ncloc="32" classes="1" methods="4" coveredmethods="1" conditionals="0" coveredconditionals="0" statements="4" coveredstatements="1" elements="8" coveredelements="2"/>
    </file>
    <file name="E:\MYPROJECTS\simple-projects\simple-collections\src\Filter\Less.php">
      <class name="Temkaa\Collections\Filter\Less" namespace="global">
        <metrics complexity="4" methods="4" coveredmethods="1" conditionals="0" coveredconditionals="0" statements="4" coveredstatements="1" elements="8" coveredelements="2"/>
      </class>
      <line num="17" type="method" name="path" visibility="public" complexity="1" crap="2" count="0"/>
      <line num="19" type="stmt" count="0"/>
      <line num="22" type="method" name="value" visibility="public" complexity="1" crap="2" count="0"/>
      <line num="24" type="stmt" count="0"/>
      <line num="27" type="method" name="accept" visibility="public" complexity="1" crap="1" count="29"/>
      <line num="29" type="stmt" count="29"/>
      <line num="32" type="method" name="__construct" visibility="private" complexity="1" crap="2" count="0"/>
      <line num="36" type="stmt" count="0"/>
      <metrics loc="38" ncloc="32" classes="1" methods="4" coveredmethods="1" conditionals="0" coveredconditionals="0" statements="4" coveredstatements="1" elements="8" coveredelements="2"/>
    </file>
    <file name="E:\MYPROJECTS\simple-projects\simple-collections\src\Filter\None.php">
      <class name="Temkaa\Collections\Filter\None" namespace="global">
        <metrics complexity="1" methods="1" coveredmethods="1" conditionals="0" coveredconditionals="0" statements="1" coveredstatements="1" elements="2" coveredelements="2"/>
      </class>
      <line num="12" type="method" name="accept" visibility="public" complexity="1" crap="1" count="14"/>
      <line num="14" type="stmt" count="14"/>
      <metrics loc="17" ncloc="14" classes="1" methods="1" coveredmethods="1" conditionals="0" coveredconditionals="0" statements="1" coveredstatements="1" elements="2" coveredelements="2"/>
    </file>
    <file name="E:\MYPROJECTS\simple-projects\simple-collections\src\Filter\Not.php">
      <class name="Temkaa\Collections\Filter\Not" namespace="global">
        <metrics complexity="2" methods="2" coveredmethods="1" conditionals="0" coveredconditionals="0" statements="2" coveredstatements="1" elements="4" coveredelements="2"/>
      </class>
      <line num="12" type="method" name="__construct" visibility="public" complexity="1" crap="2" count="0"/>
      <line num="15" type="stmt" count="0"/>
      <line num="17" type="method" name="accept" visibility="public" complexity="1" crap="1" count="57"/>
      <line num="19" type="stmt" count="57"/>
      <metrics loc="22" ncloc="19" classes="1" methods="2" coveredmethods="1" conditionals="0" coveredconditionals="0" statements="2" coveredstatements="1" elements="4" coveredelements="2"/>
    </file>
    <file name="E:\MYPROJECTS\simple-projects\simple-collections\src\Filter\OrX.php">
      <class name="Temkaa\Collections\Filter\OrX" namespace="global">
        <metrics complexity="2" methods="2" coveredmethods="1" conditionals="0" coveredconditionals="0" statements="2" coveredstatements="1" elements="4" coveredelements="2"/>
      </class>
      <line num="15" type="method" name="__construct" visibility="public" complexity="1" crap="2" count="0"/>
      <line num="18" type="stmt" count="0"/>
      <line num="20" type="method" name="accept" visibility="public" complexity="1" crap="1" count="37"/>
      <line num="22" type="stmt" count="37"/>
      <metrics loc="25" ncloc="19" classes="1" methods="2" coveredmethods="1" conditionals="0" coveredconditionals="0" statements="2" coveredstatements="1" elements="4" coveredelements="2"/>
    </file>
    <file name="E:\MYPROJECTS\simple-projects\simple-collections\src\Model\Path.php">
      <class name="Temkaa\Collections\Model\Path" namespace="global">
        <metrics complexity="1" methods="1" coveredmethods="0" conditionals="0" coveredconditionals="0" statements="1" coveredstatements="0" elements="2" coveredelements="0"/>
      </class>
      <line num="15" type="method" name="__construct" visibility="public" complexity="1" crap="2" count="0"/>
      <line num="18" type="stmt" count="0"/>
      <metrics loc="20" ncloc="14" classes="1" methods="1" coveredmethods="0" conditionals="0" coveredconditionals="0" statements="1" coveredstatements="0" elements="2" coveredelements="0"/>
    </file>
    <file name="E:\MYPROJECTS\simple-projects\simple-collections\src\Model\Sort.php">
      <class name="Temkaa\Collections\Model\Sort" namespace="global">
        <metrics complexity="3" methods="3" coveredmethods="0" conditionals="0" coveredconditionals="0" statements="3" coveredstatements="0" elements="6" coveredelements="0"/>
      </class>
      <line num="17" type="method" name="path" visibility="public" complexity="1" crap="2" count="0"/>
      <line num="19" type="stmt" count="0"/>
      <line num="22" type="method" name="value" visibility="public" complexity="1" crap="2" count="0"/>
      <line num="24" type="stmt" count="0"/>
      <line num="30" type="method" name="__construct" visibility="private" complexity="1" crap="2" count="0"/>
      <line num="33" type="stmt" count="0"/>
      <metrics loc="35" ncloc="26" classes="1" methods="3" coveredmethods="0" conditionals="0" coveredconditionals="0" statements="3" coveredstatements="0" elements="6" coveredelements="0"/>
    </file>
    <file name="E:\MYPROJECTS\simple-projects\simple-collections\src\Visitor\FilterVisitor.php">
      <class name="Temkaa\Collections\Visitor\FilterVisitor" namespace="global">
        <metrics complexity="17" methods="10" coveredmethods="9" conditionals="0" coveredconditionals="0" statements="24" coveredstatements="23" elements="34" coveredelements="32"/>
      </class>
      <line num="32" type="method" name="__construct" visibility="public" complexity="1" crap="1" count="215"/>
      <line num="35" type="stmt" count="215"/>
      <line num="37" type="method" name="all" visibility="public" complexity="1" crap="1" count="7"/>
      <line num="39" type="stmt" count="7"/>
      <line num="42" type="method" name="and" visibility="public" complexity="3" crap="3" count="43"/>
      <line num="44" type="stmt" count="43"/>
      <line num="45" type="stmt" count="43"/>
      <line num="46" type="stmt" count="43"/>
      <line num="47" type="stmt" count="43"/>
      <line num="51" type="stmt" count="29"/>
      <line num="52" type="stmt" count="43"/>
      <line num="55" type="method" name="equals" visibility="public" complexity="1" crap="1" count="78"/>
      <line num="57" type="stmt" count="78"/>
      <line num="60" type="method" name="greater" visibility="public" complexity="1" crap="1" count="29"/>
      <line num="62" type="stmt" count="29"/>
      <line num="65" type="method" name="less" visibility="public" complexity="1" crap="1" count="29"/>
      <line num="67" type="stmt" count="29"/>
      <line num="70" type="method" name="none" visibility="public" complexity="1" crap="1" count="14"/>
      <line num="72" type="stmt" count="14"/>
      <line num="75" type="method" name="not" visibility="public" complexity="1" crap="1" count="57"/>
      <line num="77" type="stmt" count="57"/>
      <line num="80" type="method" name="or" visibility="public" complexity="3" crap="3" count="37"/>
      <line num="82" type="stmt" count="37"/>
      <line num="83" type="stmt" count="37"/>
      <line num="84" type="stmt" count="37"/>
      <line num="85" type="stmt" count="37"/>
      <line num="89" type="stmt" count="23"/>
      <line num="90" type="stmt" count="37"/>
      <line num="93" type="method" name="getValue" visibility="private" complexity="4" crap="4.13" count="99"/>
      <line num="95" type="stmt" count="99"/>
      <line num="96" type="stmt" count="13"/>
      <line num="99" type="stmt" count="86"/>
      <line num="100" type="stmt" count="0"/>
      <line num="103" type="stmt" count="86"/>
      <metrics loc="106" ncloc="99" classes="1" methods="10" coveredmethods="9" conditionals="0" coveredconditionals="0" statements="24" coveredstatements="23" elements="34" coveredelements="32"/>
    </file>
    <metrics files="20" loc="1227" ncloc="893" classes="15" methods="65" coveredmethods="41" conditionals="0" coveredconditionals="0" statements="209" coveredstatements="178" elements="274" coveredelements="219"/>
  </project>
</coverage>
